time="2020-05-26T03:27:25+08:00" level=info msg="[policy_code=ErrPolicyCodeSafe,policy_msg=safe sql, rows_affected:0 cost:0.0175ms]" PARAM="[[[[1]]]]" SQL="select * from test where value = ?"
time="2020-05-26T03:27:30+08:00" level=info msg="[policy_code=ErrPolicyCodeSafe,policy_msg=safe sql, rows_affected:0 cost:0.017ms]" PARAM="[[[[1]]]]" SQL="select * from test where value = ?"
time="2020-05-26T03:27:45+08:00" level=error msg="[policy_code=ErrPolicyCodeRowsInvolve,policy_msg=Too many rows will involve by target sql: rowcnt 2005 > maxrows 2005 * pcri.rate 0.3]" PARAM="[[[[1]]]]" SQL="select * from test where value = ?"
time="2020-05-26T03:27:45+08:00" level=error msg="[policy_code=ErrPolicyCodeAllTableScan,policy_msg=Possbile all table scaned on table {test true} extra {Using where true} pkey { false} key { false} with rows {2005 true}]" PARAM="[[[[1]]]]" SQL="select * from test where value = ?"
time="2020-05-26T03:28:08+08:00" level=info msg="[policy_code=ErrPolicyCodeSafe,policy_msg=safe sql, rows_affected:0 cost:0.0187ms]" PARAM="[[[[1]]]]" SQL="select * from test where value = ?"
time="2020-05-26T03:37:49+08:00" level=error msg="[policy_code=ErrPolicyCodeRowsInvolve,policy_msg=Too many rows will involve by target sql: rowcnt 2005 > maxrows 2005 * pcri.rate 0.3]" PARAM="[[[[1]]]]" SQL="select * from test where value = ?"
time="2020-05-26T03:37:49+08:00" level=error msg="[policy_code=ErrPolicyCodeAllTableScan,policy_msg=Possbile all table scaned on table {test true} extra {Using where true} pkey { false} key { false} with rows {2005 true}]" PARAM="[[[[1]]]]" SQL="select * from test where value = ?"
time="2020-05-26T03:39:24+08:00" level=error msg="[policy_code=ErrPolicyCodeRowsInvolve,policy_msg=Too many rows will involve by target sql: rowcnt 2005 > maxrows 2005 * pcri.rate 0.3]" PARAM="[[[[1]]]]" SQL="select * from test where value = ?"
time="2020-05-26T03:39:24+08:00" level=error msg="[policy_code=ErrPolicyCodeAllTableScan,policy_msg=Possbile all table scaned on table {test true} extra {Using where true} pkey { false} key { false} with rows {2005 true}]" PARAM="[[[[1]]]]" SQL="select * from test where value = ?"
time="2020-05-26T03:39:24+08:00" level=error msg="[policy_code=ErrPolicyCodeRowsInvolve,policy_msg=Too many rows will involve by target sql: rowcnt 2005 > maxrows 2005 * pcri.rate 0.3]" PARAM="[[[[1]]]]" SQL="select * from test where value = ?"
time="2020-05-26T03:39:24+08:00" level=error msg="[policy_code=ErrPolicyCodeAllTableScan,policy_msg=Possbile all table scaned on table {test true} extra {Using where true} pkey { false} key { false} with rows {2005 true}]" PARAM="[[[[1]]]]" SQL="select * from test where value = ?"
time="2020-05-26T03:41:34+08:00" level=error msg="[policy_code=ErrPolicyCodeRowsInvolve,policy_msg=Too many rows will involve by target sql: rowcnt 2005 > maxrows 2005 * pcri.rate 0.3]" PARAM="[[[[1]]]]" SQL="select * from test where value = ?"
time="2020-05-26T03:41:34+08:00" level=error msg="[policy_code=ErrPolicyCodeAllTableScan,policy_msg=Possbile all table scaned on table {test true} extra {Using where true} pkey { false} key { false} with rows {2005 true}]" PARAM="[[[[1]]]]" SQL="select * from test where value = ?"
time="2020-05-26T03:41:34+08:00" level=error msg="[policy_code=ErrPolicyCodeRowsInvolve,policy_msg=Too many rows will involve by target sql: rowcnt 2005 > maxrows 2005 * pcri.rate 0.3]" PARAM="[[[[1]]]]" SQL="select * from test where value = ?"
time="2020-05-26T03:41:34+08:00" level=error msg="[policy_code=ErrPolicyCodeAllTableScan,policy_msg=Possbile all table scaned on table {test true} extra {Using where true} pkey { false} key { false} with rows {2005 true}]" PARAM="[[[[1]]]]" SQL="select * from test where value = ?"
time="2020-05-26T03:42:04+08:00" level=error msg="[policy_code=ErrPolicyCodeRowsInvolve,policy_msg=Too many rows will involve by target sql: rowcnt 2005 > maxrows 2005 * pcri.rate 0.3]" PARAM="[[[[1]]]]" SQL="select * from test where value = ?"
time="2020-05-26T03:42:04+08:00" level=error msg="[policy_code=ErrPolicyCodeAllTableScan,policy_msg=Possbile all table scaned on table {test true} extra {Using where true} pkey { false} key { false} with rows {2005 true}]" PARAM="[[[[1]]]]" SQL="select * from test where value = ?"
time="2020-05-26T03:42:04+08:00" level=error msg="[policy_code=ErrPolicyCodeRowsInvolve,policy_msg=Too many rows will involve by target sql: rowcnt 2005 > maxrows 2005 * pcri.rate 0.3]" PARAM="[[[[1]]]]" SQL="select * from test where value = ?"
time="2020-05-26T03:42:04+08:00" level=error msg="[policy_code=ErrPolicyCodeAllTableScan,policy_msg=Possbile all table scaned on table {test true} extra {Using where true} pkey { false} key { false} with rows {2005 true}]" PARAM="[[[[1]]]]" SQL="select * from test where value = ?"
time="2020-05-26T03:47:28+08:00" level=error msg="[policy_code=ErrPolicyCodeRowsInvolve,policy_msg=Too many rows will involve by target sql: rowcnt 2005 > maxrows 2005 * pcri.rate 0.3]" PARAM="[[[[1]]]]" SQL="select * from test where value = ?"
time="2020-05-26T03:47:28+08:00" level=error msg="[policy_code=ErrPolicyCodeAllTableScan,policy_msg=Possbile all table scaned on table {test true} extra {Using where true} pkey { false} key { false} with rows {2005 true}]" PARAM="[[[[1]]]]" SQL="select * from test where value = ?"
time="2020-05-26T03:47:28+08:00" level=error msg="[policy_code=ErrPolicyCodeRowsInvolve,policy_msg=Too many rows will involve by target sql: rowcnt 2005 > maxrows 2005 * pcri.rate 0.3]" PARAM="[[[[1]]]]" SQL="select * from test where value = ?"
time="2020-05-26T03:47:28+08:00" level=error msg="[policy_code=ErrPolicyCodeAllTableScan,policy_msg=Possbile all table scaned on table {test true} extra {Using where true} pkey { false} key { false} with rows {2005 true}]" PARAM="[[[[1]]]]" SQL="select * from test where value = ?"
time="2020-05-26T03:47:50+08:00" level=info msg="[policy_code=ErrPolicyCodeSafe,policy_msg=safe sql, rows_affected:0 cost:0.0382ms]" PARAM="[[[[1]]]]" SQL="insert into test(value, value2) values(1,2)"
time="2020-05-26T03:47:59+08:00" level=info msg="[policy_code=ErrPolicyCodeSafe,policy_msg=safe sql, rows_affected:0 cost:14ms]" PARAM="[[[[]]]]" SQL="insert into test(value, value2) values(1,2)"
time="2020-05-26T03:49:00+08:00" level=error msg="[policy_code=ErrPolicyCodeRowsInvolve,policy_msg=Too many rows will involve by target sql: rowcnt 2006 > maxrows 2006 * pcri.rate 0.3]" PARAM="[[[[1]]]]" SQL="select * from test where value = ?"
time="2020-05-26T03:49:00+08:00" level=error msg="[policy_code=ErrPolicyCodeAllTableScan,policy_msg=Possbile all table scaned on table {test true} extra {Using where true} pkey { false} key { false} with rows {2006 true}]" PARAM="[[[[1]]]]" SQL="select * from test where value = ?"
time="2020-05-26T03:49:00+08:00" level=error msg="[policy_code=ErrPolicyCodeRowsInvolve,policy_msg=Too many rows will involve by target sql: rowcnt 2006 > maxrows 2006 * pcri.rate 0.3]" PARAM="[[[[1]]]]" SQL="select * from test where value = ?"
time="2020-05-26T03:49:00+08:00" level=error msg="[policy_code=ErrPolicyCodeAllTableScan,policy_msg=Possbile all table scaned on table {test true} extra {Using where true} pkey { false} key { false} with rows {2006 true}]" PARAM="[[[[1]]]]" SQL="select * from test where value = ?"
time="2020-05-26T03:49:03+08:00" level=info msg="[policy_code=ErrPolicyCodeSafe,policy_msg=safe sql, rows_affected:0 cost:12.9ms]" PARAM="[[[[]]]]" SQL="insert into test(value, value2) values(1,2)"
time="2020-05-26T03:49:50+08:00" level=info msg="[policy_code=ErrPolicyCodeSafe,policy_msg=safe sql, rows_affected:0 cost:9.74ms]" PARAM="[[[[]]]]" SQL="insert into test(value, value2) values(1,2)"
time="2020-05-26T03:49:51+08:00" level=info msg="[policy_code=ErrPolicyCodeSafe,policy_msg=safe sql, rows_affected:0 cost:9.13ms]" PARAM="[[[[]]]]" SQL="insert into test(value, value2) values(1,2)"
time="2020-05-26T03:49:51+08:00" level=info msg="[policy_code=ErrPolicyCodeSafe,policy_msg=safe sql, rows_affected:0 cost:9.55ms]" PARAM="[[[[]]]]" SQL="insert into test(value, value2) values(1,2)"
time="2020-05-26T03:49:51+08:00" level=info msg="[policy_code=ErrPolicyCodeSafe,policy_msg=safe sql, rows_affected:0 cost:10.1ms]" PARAM="[[[[]]]]" SQL="insert into test(value, value2) values(1,2)"
time="2020-05-26T03:49:52+08:00" level=info msg="[policy_code=ErrPolicyCodeSafe,policy_msg=safe sql, rows_affected:0 cost:10.2ms]" PARAM="[[[[]]]]" SQL="insert into test(value, value2) values(1,2)"
time="2020-05-26T03:49:52+08:00" level=info msg="[policy_code=ErrPolicyCodeSafe,policy_msg=safe sql, rows_affected:0 cost:16.4ms]" PARAM="[[[[]]]]" SQL="insert into test(value, value2) values(1,2)"
time="2020-05-26T03:49:52+08:00" level=info msg="[policy_code=ErrPolicyCodeSafe,policy_msg=safe sql, rows_affected:0 cost:9.62ms]" PARAM="[[[[]]]]" SQL="insert into test(value, value2) values(1,2)"
time="2020-05-26T03:49:53+08:00" level=info msg="[policy_code=ErrPolicyCodeSafe,policy_msg=safe sql, rows_affected:0 cost:9.68ms]" PARAM="[[[[]]]]" SQL="insert into test(value, value2) values(1,2)"
time="2020-05-26T03:49:53+08:00" level=info msg="[policy_code=ErrPolicyCodeSafe,policy_msg=safe sql, rows_affected:0 cost:13.4ms]" PARAM="[[[[]]]]" SQL="insert into test(value, value2) values(1,2)"
time="2020-05-26T03:49:53+08:00" level=info msg="[policy_code=ErrPolicyCodeSafe,policy_msg=safe sql, rows_affected:0 cost:10.2ms]" PARAM="[[[[]]]]" SQL="insert into test(value, value2) values(1,2)"
time="2020-05-26T03:49:53+08:00" level=info msg="[policy_code=ErrPolicyCodeSafe,policy_msg=safe sql, rows_affected:0 cost:12.5ms]" PARAM="[[[[]]]]" SQL="insert into test(value, value2) values(1,2)"
time="2020-05-26T03:49:53+08:00" level=info msg="[policy_code=ErrPolicyCodeSafe,policy_msg=safe sql, rows_affected:0 cost:9.65ms]" PARAM="[[[[]]]]" SQL="insert into test(value, value2) values(1,2)"
time="2020-05-26T03:49:54+08:00" level=info msg="[policy_code=ErrPolicyCodeSafe,policy_msg=safe sql, rows_affected:0 cost:9.99ms]" PARAM="[[[[]]]]" SQL="insert into test(value, value2) values(1,2)"
time="2020-05-26T03:49:54+08:00" level=info msg="[policy_code=ErrPolicyCodeSafe,policy_msg=safe sql, rows_affected:0 cost:9.51ms]" PARAM="[[[[]]]]" SQL="insert into test(value, value2) values(1,2)"
time="2020-05-26T03:49:55+08:00" level=info msg="[policy_code=ErrPolicyCodeSafe,policy_msg=safe sql, rows_affected:0 cost:10.1ms]" PARAM="[[[[]]]]" SQL="insert into test(value, value2) values(1,2)"
time="2020-05-26T03:49:55+08:00" level=info msg="[policy_code=ErrPolicyCodeSafe,policy_msg=safe sql, rows_affected:0 cost:13.7ms]" PARAM="[[[[]]]]" SQL="insert into test(value, value2) values(1,2)"
time="2020-05-26T03:49:55+08:00" level=info msg="[policy_code=ErrPolicyCodeSafe,policy_msg=safe sql, rows_affected:0 cost:9.4ms]" PARAM="[[[[]]]]" SQL="insert into test(value, value2) values(1,2)"
time="2020-05-26T03:49:56+08:00" level=info msg="[policy_code=ErrPolicyCodeSafe,policy_msg=safe sql, rows_affected:0 cost:11.7ms]" PARAM="[[[[]]]]" SQL="insert into test(value, value2) values(1,2)"
time="2020-05-26T03:49:56+08:00" level=info msg="[policy_code=ErrPolicyCodeSafe,policy_msg=safe sql, rows_affected:0 cost:11ms]" PARAM="[[[[]]]]" SQL="insert into test(value, value2) values(1,2)"
time="2020-05-26T03:49:56+08:00" level=info msg="[policy_code=ErrPolicyCodeSafe,policy_msg=safe sql, rows_affected:0 cost:8.38ms]" PARAM="[[[[]]]]" SQL="insert into test(value, value2) values(1,2)"
time="2020-05-26T03:50:22+08:00" level=error msg="[policy_code=ErrPolicyCodeRowsInvolve,policy_msg=Too many rows will involve by target sql: rowcnt 2027 > maxrows 2027 * pcri.rate 0.3]" PARAM="[[[[1]]]]" SQL="select * from test where value = ?"
time="2020-05-26T03:50:22+08:00" level=error msg="[policy_code=ErrPolicyCodeAllTableScan,policy_msg=Possbile all table scaned on table {test true} extra {Using where true} pkey { false} key { false} with rows {2027 true}]" PARAM="[[[[1]]]]" SQL="select * from test where value = ?"
time="2020-05-26T03:53:48+08:00" level=error msg="[policy_code=ErrPolicyCodeRowsInvolve,policy_msg=Too many rows will involve by target sql: rowcnt 2027 > maxrows 2027 * pcri.rate 0.3]" PARAM="[[[[1]]]]" SQL="select * from test where value = ?"
time="2020-05-26T03:53:48+08:00" level=error msg="[policy_code=ErrPolicyCodeAllTableScan,policy_msg=Possbile all table scaned on table {test true} extra {Using where true} pkey { false} key { false} with rows {2027 true}]" PARAM="[[[[1]]]]" SQL="select * from test where value = ?"
time="2020-05-26T03:53:52+08:00" level=error msg="[policy_code=ErrPolicyCodeRowsInvolve,policy_msg=Too many rows will involve by target sql: rowcnt 2027 > maxrows 2027 * pcri.rate 0.3]" PARAM="[[[[1]]]]" SQL="select * from test where value = ?"
time="2020-05-26T03:53:52+08:00" level=error msg="[policy_code=ErrPolicyCodeAllTableScan,policy_msg=Possbile all table scaned on table {test true} extra {Using where true} pkey { false} key { false} with rows {2027 true}]" PARAM="[[[[1]]]]" SQL="select * from test where value = ?"
time="2020-05-26T03:53:53+08:00" level=error msg="[policy_code=ErrPolicyCodeRowsInvolve,policy_msg=Too many rows will involve by target sql: rowcnt 2027 > maxrows 2027 * pcri.rate 0.3]" PARAM="[[[[1]]]]" SQL="select * from test where value = ?"
time="2020-05-26T03:53:53+08:00" level=error msg="[policy_code=ErrPolicyCodeAllTableScan,policy_msg=Possbile all table scaned on table {test true} extra {Using where true} pkey { false} key { false} with rows {2027 true}]" PARAM="[[[[1]]]]" SQL="select * from test where value = ?"
time="2020-05-26T04:14:51+08:00" level=error msg="[policy_code=ErrPolicyCodeRowsInvolve,policy_msg=Too many rows will involve by target sql: rowcnt 2005 > maxrows 2005 * pcri.rate 0.3]" PARAM="[[[[1]]]]" SQL="select * from test where value = ?"
time="2020-05-26T04:14:51+08:00" level=error msg="[policy_code=ErrPolicyCodeAllTableScan,policy_msg=Possbile all table scaned on table {test true} extra {Using where true} pkey { false} key { false} with rows {2005 true}]" PARAM="[[[[1]]]]" SQL="select * from test where value = ?"
time="2020-05-26T04:14:54+08:00" level=error msg="[policy_code=ErrPolicyCodeRowsInvolve,policy_msg=Too many rows will involve by target sql: rowcnt 2005 > maxrows 2005 * pcri.rate 0.3]" PARAM="[[[[1]]]]" SQL="select * from test where value = ?"
time="2020-05-26T04:14:54+08:00" level=error msg="[policy_code=ErrPolicyCodeAllTableScan,policy_msg=Possbile all table scaned on table {test true} extra {Using where true} pkey { false} key { false} with rows {2005 true}]" PARAM="[[[[1]]]]" SQL="select * from test where value = ?"
time="2020-05-26T04:14:54+08:00" level=error msg="[policy_code=ErrPolicyCodeRowsInvolve,policy_msg=Too many rows will involve by target sql: rowcnt 2005 > maxrows 2005 * pcri.rate 0.3]" PARAM="[[[[1]]]]" SQL="select * from test where value = ?"
time="2020-05-26T04:14:54+08:00" level=error msg="[policy_code=ErrPolicyCodeAllTableScan,policy_msg=Possbile all table scaned on table {test true} extra {Using where true} pkey { false} key { false} with rows {2005 true}]" PARAM="[[[[1]]]]" SQL="select * from test where value = ?"
time="2020-05-26T04:15:01+08:00" level=error msg="[policy_code=ErrPolicyCodeRowsInvolve,policy_msg=Too many rows will involve by target sql: rowcnt 2005 > maxrows 2005 * pcri.rate 0.3]" PARAM="[[[[1]]]]" SQL="select * from test where value = ?"
time="2020-05-26T04:15:01+08:00" level=error msg="[policy_code=ErrPolicyCodeAllTableScan,policy_msg=Possbile all table scaned on table {test true} extra {Using where true} pkey { false} key { false} with rows {2005 true}]" PARAM="[[[[1]]]]" SQL="select * from test where value = ?"
time="2020-05-26T04:15:01+08:00" level=error msg="[policy_code=ErrPolicyCodeRowsInvolve,policy_msg=Too many rows will involve by target sql: rowcnt 2005 > maxrows 2005 * pcri.rate 0.3]" PARAM="[[[[1]]]]" SQL="select * from test where value = ?"
time="2020-05-26T04:15:01+08:00" level=error msg="[policy_code=ErrPolicyCodeAllTableScan,policy_msg=Possbile all table scaned on table {test true} extra {Using where true} pkey { false} key { false} with rows {2005 true}]" PARAM="[[[[1]]]]" SQL="select * from test where value = ?"
time="2020-05-26T04:15:02+08:00" level=error msg="[policy_code=ErrPolicyCodeRowsInvolve,policy_msg=Too many rows will involve by target sql: rowcnt 2005 > maxrows 2005 * pcri.rate 0.3]" PARAM="[[[[1]]]]" SQL="select * from test where value = ?"
time="2020-05-26T04:15:02+08:00" level=error msg="[policy_code=ErrPolicyCodeAllTableScan,policy_msg=Possbile all table scaned on table {test true} extra {Using where true} pkey { false} key { false} with rows {2005 true}]" PARAM="[[[[1]]]]" SQL="select * from test where value = ?"
time="2020-05-26T04:15:02+08:00" level=error msg="[policy_code=ErrPolicyCodeRowsInvolve,policy_msg=Too many rows will involve by target sql: rowcnt 2005 > maxrows 2005 * pcri.rate 0.3]" PARAM="[[[[1]]]]" SQL="select * from test where value = ?"
time="2020-05-26T04:15:02+08:00" level=error msg="[policy_code=ErrPolicyCodeAllTableScan,policy_msg=Possbile all table scaned on table {test true} extra {Using where true} pkey { false} key { false} with rows {2005 true}]" PARAM="[[[[1]]]]" SQL="select * from test where value = ?"
time="2020-05-26T04:15:35+08:00" level=error msg="[policy_code=ErrPolicyCodeRowsInvolve,policy_msg=Too many rows will involve by target sql: rowcnt 2005 > maxrows 2005 * pcri.rate 0.3]" PARAM="[[[[1]]]]" SQL="select * from test where value = ?"
time="2020-05-26T04:15:35+08:00" level=error msg="[policy_code=ErrPolicyCodeAllTableScan,policy_msg=Possbile all table scaned on table {test true} extra {Using where true} pkey { false} key { false} with rows {2005 true}]" PARAM="[[[[1]]]]" SQL="select * from test where value = ?"
time="2020-05-26T04:15:35+08:00" level=error msg="[policy_code=ErrPolicyCodeRowsInvolve,policy_msg=Too many rows will involve by target sql: rowcnt 2005 > maxrows 2005 * pcri.rate 0.3]" PARAM="[[[[1]]]]" SQL="select * from test where value = ?"
time="2020-05-26T04:15:35+08:00" level=error msg="[policy_code=ErrPolicyCodeAllTableScan,policy_msg=Possbile all table scaned on table {test true} extra {Using where true} pkey { false} key { false} with rows {2005 true}]" PARAM="[[[[1]]]]" SQL="select * from test where value = ?"
time="2020-05-26T04:15:44+08:00" level=error msg="[policy_code=ErrPolicyCodeRowsInvolve,policy_msg=Too many rows will involve by target sql: rowcnt 2005 > maxrows 2005 * pcri.rate 0.3]" PARAM="[[[[1]]]]" SQL="select * from test where value = ?"
time="2020-05-26T04:15:44+08:00" level=error msg="[policy_code=ErrPolicyCodeAllTableScan,policy_msg=Possbile all table scaned on table {test true} extra {Using where true} pkey { false} key { false} with rows {2005 true}]" PARAM="[[[[1]]]]" SQL="select * from test where value = ?"
time="2020-05-26T04:15:47+08:00" level=error msg="[policy_code=ErrPolicyCodeRowsInvolve,policy_msg=Too many rows will involve by target sql: rowcnt 2005 > maxrows 2005 * pcri.rate 0.3]" PARAM="[[[[1]]]]" SQL="select * from test where value = ?"
time="2020-05-26T04:15:47+08:00" level=error msg="[policy_code=ErrPolicyCodeAllTableScan,policy_msg=Possbile all table scaned on table {test true} extra {Using where true} pkey { false} key { false} with rows {2005 true}]" PARAM="[[[[1]]]]" SQL="select * from test where value = ?"
time="2020-05-26T04:15:47+08:00" level=error msg="[policy_code=ErrPolicyCodeRowsInvolve,policy_msg=Too many rows will involve by target sql: rowcnt 2005 > maxrows 2005 * pcri.rate 0.3]" PARAM="[[[[1]]]]" SQL="select * from test where value = ?"
time="2020-05-26T04:15:47+08:00" level=error msg="[policy_code=ErrPolicyCodeAllTableScan,policy_msg=Possbile all table scaned on table {test true} extra {Using where true} pkey { false} key { false} with rows {2005 true}]" PARAM="[[[[1]]]]" SQL="select * from test where value = ?"
time="2020-05-26T04:16:00+08:00" level=error msg="[policy_code=ErrPolicyCodeRowsInvolve,policy_msg=Too many rows will involve by target sql: rowcnt 2005 > maxrows 2005 * pcri.rate 0.3]" PARAM="[[[[1]]]]" SQL="select * from test where value = ?"
time="2020-05-26T04:16:00+08:00" level=error msg="[policy_code=ErrPolicyCodeAllTableScan,policy_msg=Possbile all table scaned on table {test true} extra {Using where true} pkey { false} key { false} with rows {2005 true}]" PARAM="[[[[1]]]]" SQL="select * from test where value = ?"
time="2020-05-26T04:16:00+08:00" level=error msg="[policy_code=ErrPolicyCodeRowsInvolve,policy_msg=Too many rows will involve by target sql: rowcnt 2005 > maxrows 2005 * pcri.rate 0.3]" PARAM="[[[[1]]]]" SQL="select * from test where value = ?"
time="2020-05-26T04:16:00+08:00" level=error msg="[policy_code=ErrPolicyCodeAllTableScan,policy_msg=Possbile all table scaned on table {test true} extra {Using where true} pkey { false} key { false} with rows {2005 true}]" PARAM="[[[[1]]]]" SQL="select * from test where value = ?"
time="2020-05-26T04:17:44+08:00" level=error msg="[policy_code=ErrPolicyCodeRowsInvolve,policy_msg=Too many rows will involve by target sql: rowcnt 2005 > maxrows 2005 * pcri.rate 0.3]" PARAM="[[[[1]]]]" SQL="select * from test where value = ?"
time="2020-05-26T04:17:44+08:00" level=error msg="[policy_code=ErrPolicyCodeAllTableScan,policy_msg=Possbile all table scaned on table {test true} extra {Using where true} pkey { false} key { false} with rows {2005 true}]" PARAM="[[[[1]]]]" SQL="select * from test where value = ?"
time="2020-05-26T04:17:44+08:00" level=error msg="[policy_code=ErrPolicyCodeRowsInvolve,policy_msg=Too many rows will involve by target sql: rowcnt 2005 > maxrows 2005 * pcri.rate 0.3]" PARAM="[[[[1]]]]" SQL="select * from test where value = ?"
time="2020-05-26T04:17:44+08:00" level=error msg="[policy_code=ErrPolicyCodeAllTableScan,policy_msg=Possbile all table scaned on table {test true} extra {Using where true} pkey { false} key { false} with rows {2005 true}]" PARAM="[[[[1]]]]" SQL="select * from test where value = ?"
time="2020-05-26T04:19:32+08:00" level=error msg="[policy_code=ErrPolicyCodeRowsInvolve,policy_msg=Too many rows will involve by target sql: rowcnt 2005 > maxrows 2005 * pcri.rate 0.3]" PARAM="[[[[1]]]]" SQL="select * from test where value = ?"
time="2020-05-26T04:19:32+08:00" level=error msg="[policy_code=ErrPolicyCodeAllTableScan,policy_msg=Possbile all table scaned on table {test true} extra {Using where true} pkey { false} key { false} with rows {2005 true}]" PARAM="[[[[1]]]]" SQL="select * from test where value = ?"
time="2020-05-26T04:19:32+08:00" level=error msg="[policy_code=ErrPolicyCodeRowsInvolve,policy_msg=Too many rows will involve by target sql: rowcnt 2005 > maxrows 2005 * pcri.rate 0.3]" PARAM="[[[[1]]]]" SQL="select * from test where value = ?"
time="2020-05-26T04:19:32+08:00" level=error msg="[policy_code=ErrPolicyCodeAllTableScan,policy_msg=Possbile all table scaned on table {test true} extra {Using where true} pkey { false} key { false} with rows {2005 true}]" PARAM="[[[[1]]]]" SQL="select * from test where value = ?"
time="2020-05-26T11:23:46+08:00" level=error msg="[policy_code=ErrPolicyCodeRowsInvolve,policy_msg=Too many rows will involve by target sql: rowcnt 2005 > maxrows 2005 * pcri.rate 0.3]" PARAM="[[[[1]]]]" SQL="select * from test where value = ?"
time="2020-05-26T11:23:46+08:00" level=error msg="[policy_code=ErrPolicyCodeAllTableScan,policy_msg=Possbile all table scaned on table {test true} extra {Using where true} pkey { false} key { false} with rows {2005 true}]" PARAM="[[[[1]]]]" SQL="select * from test where value = ?"
time="2020-05-26T11:23:50+08:00" level=error msg="[policy_code=ErrPolicyCodeRowsInvolve,policy_msg=Too many rows will involve by target sql: rowcnt 2005 > maxrows 2005 * pcri.rate 0.3]" PARAM="[[[[1]]]]" SQL="select * from test where value = ?"
time="2020-05-26T11:23:50+08:00" level=error msg="[policy_code=ErrPolicyCodeAllTableScan,policy_msg=Possbile all table scaned on table {test true} extra {Using where true} pkey { false} key { false} with rows {2005 true}]" PARAM="[[[[1]]]]" SQL="select * from test where value = ?"
time="2020-05-26T11:23:50+08:00" level=error msg="[policy_code=ErrPolicyCodeRowsInvolve,policy_msg=Too many rows will involve by target sql: rowcnt 2005 > maxrows 2005 * pcri.rate 0.3]" PARAM="[[[[1]]]]" SQL="select * from test where value = ?"
time="2020-05-26T11:23:50+08:00" level=error msg="[policy_code=ErrPolicyCodeAllTableScan,policy_msg=Possbile all table scaned on table {test true} extra {Using where true} pkey { false} key { false} with rows {2005 true}]" PARAM="[[[[1]]]]" SQL="select * from test where value = ?"
time="2020-05-26T11:24:21+08:00" level=error msg="[policy_code=ErrPolicyCodeRowsInvolve,policy_msg=Too many rows will involve by target sql: rowcnt 2005 > maxrows 2005 * pcri.rate 0.3]" PARAM="[[[[]]]]" SQL="update test set value = value"
time="2020-05-26T11:24:21+08:00" level=error msg="[policy_code=ErrPolicyCodeAllTableScan,policy_msg=Possbile all table scaned on table {test true} extra { false} pkey { false} key { false} with rows {2005 true}]" PARAM="[[[[]]]]" SQL="update test set value = value"
time="2020-05-26T11:24:21+08:00" level=info msg="[policy_code=ErrPolicyCodeSafe,policy_msg=safe sql, rows_affected:0 cost:3.9ms]" PARAM="[[[[]]]]" SQL="SELECT (value)"
time="2020-05-26T11:24:24+08:00" level=error msg="[policy_code=ErrPolicyCodeRowsInvolve,policy_msg=Too many rows will involve by target sql: rowcnt 2005 > maxrows 2005 * pcri.rate 0.3]" PARAM="[[[[]]]]" SQL="update test set value = value"
time="2020-05-26T11:24:24+08:00" level=error msg="[policy_code=ErrPolicyCodeAllTableScan,policy_msg=Possbile all table scaned on table {test true} extra { false} pkey { false} key { false} with rows {2005 true}]" PARAM="[[[[]]]]" SQL="update test set value = value"
time="2020-05-26T11:24:25+08:00" level=info msg="[policy_code=ErrPolicyCodeSafe,policy_msg=safe sql, rows_affected:0 cost:4.19ms]" PARAM="[[[[]]]]" SQL="SELECT (value)"
time="2020-05-26T11:24:25+08:00" level=error msg="[policy_code=ErrPolicyCodeRowsInvolve,policy_msg=Too many rows will involve by target sql: rowcnt 2005 > maxrows 2005 * pcri.rate 0.3]" PARAM="[[[[]]]]" SQL="update test set value = value"
time="2020-05-26T11:24:25+08:00" level=error msg="[policy_code=ErrPolicyCodeAllTableScan,policy_msg=Possbile all table scaned on table {test true} extra { false} pkey { false} key { false} with rows {2005 true}]" PARAM="[[[[]]]]" SQL="update test set value = value"
time="2020-05-26T11:24:25+08:00" level=info msg="[policy_code=ErrPolicyCodeSafe,policy_msg=safe sql, rows_affected:0 cost:4.61ms]" PARAM="[[[[]]]]" SQL="SELECT (value)"
time="2020-05-26T11:24:26+08:00" level=error msg="[policy_code=ErrPolicyCodeRowsInvolve,policy_msg=Too many rows will involve by target sql: rowcnt 2005 > maxrows 2005 * pcri.rate 0.3]" PARAM="[[[[]]]]" SQL="update test set value = value"
time="2020-05-26T11:24:26+08:00" level=error msg="[policy_code=ErrPolicyCodeAllTableScan,policy_msg=Possbile all table scaned on table {test true} extra { false} pkey { false} key { false} with rows {2005 true}]" PARAM="[[[[]]]]" SQL="update test set value = value"
time="2020-05-26T11:24:26+08:00" level=info msg="[policy_code=ErrPolicyCodeSafe,policy_msg=safe sql, rows_affected:0 cost:3.94ms]" PARAM="[[[[]]]]" SQL="SELECT (value)"
time="2020-05-26T11:24:26+08:00" level=error msg="[policy_code=ErrPolicyCodeRowsInvolve,policy_msg=Too many rows will involve by target sql: rowcnt 2005 > maxrows 2005 * pcri.rate 0.3]" PARAM="[[[[]]]]" SQL="update test set value = value"
time="2020-05-26T11:24:26+08:00" level=error msg="[policy_code=ErrPolicyCodeAllTableScan,policy_msg=Possbile all table scaned on table {test true} extra { false} pkey { false} key { false} with rows {2005 true}]" PARAM="[[[[]]]]" SQL="update test set value = value"
time="2020-05-26T11:24:26+08:00" level=info msg="[policy_code=ErrPolicyCodeSafe,policy_msg=safe sql, rows_affected:0 cost:4.23ms]" PARAM="[[[[]]]]" SQL="SELECT (value)"
time="2020-05-26T11:29:03+08:00" level=error msg="[policy_code=ErrPolicyCodeRowsInvolve,policy_msg=Too many rows will involve by target sql: rowcnt 2005 > maxrows 2005 * pcri.rate 0.3]" PARAM="[[[[1]]]]" SQL="select * from test where value = ?"
time="2020-05-26T11:29:03+08:00" level=error msg="[policy_code=ErrPolicyCodeAllTableScan,policy_msg=Possbile all table scaned on table {test true} extra {Using where true} pkey { false} key { false} with rows {2005 true}]" PARAM="[[[[1]]]]" SQL="select * from test where value = ?"
time="2020-05-26T11:29:20+08:00" level=error msg="[policy_code=ErrPolicyCodeRowsInvolve,policy_msg=Too many rows will involve by target sql: rowcnt 2005 > maxrows 2005 * pcri.rate 0.3]" PARAM="[[[[1]]]]" SQL="select * from test where value = ?"
time="2020-05-26T11:29:20+08:00" level=error msg="[policy_code=ErrPolicyCodeAllTableScan,policy_msg=Possbile all table scaned on table {test true} extra {Using where true} pkey { false} key { false} with rows {2005 true}]" PARAM="[[[[1]]]]" SQL="select * from test where value = ?"
time="2020-05-26T11:29:34+08:00" level=error msg="[policy_code=ErrPolicyCodeRowsInvolve,policy_msg=Too many rows will involve by target sql: rowcnt 2005 > maxrows 2005 * pcri.rate 0.3]" PARAM="[[[[1]]]]" SQL="select * from test where value = ?"
time="2020-05-26T11:29:34+08:00" level=error msg="[policy_code=ErrPolicyCodeAllTableScan,policy_msg=Possbile all table scaned on table {test true} extra {Using where true} pkey { false} key { false} with rows {2005 true}]" PARAM="[[[[1]]]]" SQL="select * from test where value = ?"
time="2020-05-26T11:29:39+08:00" level=error msg="[policy_code=ErrPolicyCodeRowsInvolve,policy_msg=Too many rows will involve by target sql: rowcnt 2005 > maxrows 2005 * pcri.rate 0.3]" PARAM="[[[[1]]]]" SQL="select * from test where value = ?"
time="2020-05-26T11:29:39+08:00" level=error msg="[policy_code=ErrPolicyCodeAllTableScan,policy_msg=Possbile all table scaned on table {test true} extra {Using where true} pkey { false} key { false} with rows {2005 true}]" PARAM="[[[[1]]]]" SQL="select * from test where value = ?"
time="2020-05-26T11:29:47+08:00" level=error msg="[policy_code=ErrPolicyCodeRowsInvolve,policy_msg=Too many rows will involve by target sql: rowcnt 2005 > maxrows 2005 * pcri.rate 0.3]" PARAM="[[[[1]]]]" SQL="select * from test where value = ?"
time="2020-05-26T11:29:47+08:00" level=error msg="[policy_code=ErrPolicyCodeAllTableScan,policy_msg=Possbile all table scaned on table {test true} extra {Using where true} pkey { false} key { false} with rows {2005 true}]" PARAM="[[[[1]]]]" SQL="select * from test where value = ?"
time="2020-05-26T11:32:56+08:00" level=error msg="[policy_code=ErrPolicyCodeRowsInvolve,policy_msg=Too many rows will involve by target sql: rowcnt 2005 > maxrows 2005 * pcri.rate 0.3]" PARAM="[[[[1]]]]" SQL="select * from test where value = ?"
time="2020-05-26T11:32:56+08:00" level=error msg="[policy_code=ErrPolicyCodeAllTableScan,policy_msg=Possbile all table scaned on table {test true} extra {Using where true} pkey { false} key { false} with rows {2005 true}]" PARAM="[[[[1]]]]" SQL="select * from test where value = ?"
time="2020-05-26T11:33:17+08:00" level=error msg="[policy_code=ErrPolicyCodeRowsInvolve,policy_msg=Too many rows will involve by target sql: rowcnt 2005 > maxrows 2005 * pcri.rate 0.3]" PARAM="[[[[1]]]]" SQL="select * from test where value = ? limit 10"
time="2020-05-26T11:33:17+08:00" level=error msg="[policy_code=ErrPolicyCodeAllTableScan,policy_msg=Possbile all table scaned on table {test true} extra {Using where true} pkey { false} key { false} with rows {2005 true}]" PARAM="[[[[1]]]]" SQL="select * from test where value = ? limit 10"
time="2020-05-26T11:34:19+08:00" level=info msg="[policy_code=ErrPolicyCodeSafe,policy_msg=safe sql, rows_affected:0 cost:0.0158ms]" PARAM="[[[[1]]]]" SQL="update test set value=1"
time="2020-05-26T11:34:25+08:00" level=error msg="[policy_code=ErrPolicyCodeRowsInvolve,policy_msg=Too many rows will involve by target sql: rowcnt 2005 > maxrows 2005 * pcri.rate 0.3]" PARAM="[[[[]]]]" SQL="update test set value=1"
time="2020-05-26T11:34:25+08:00" level=error msg="[policy_code=ErrPolicyCodeAllTableScan,policy_msg=Possbile all table scaned on table {test true} extra { false} pkey { false} key { false} with rows {2005 true}]" PARAM="[[[[]]]]" SQL="update test set value=1"
time="2020-05-26T11:41:52+08:00" level=error msg="[policy_code=ErrPolicyCodeRowsInvolve,policy_msg=Too many rows will involve by target sql: rowcnt 2005 > maxrows 2005 * pcri.rate 0.3]" PARAM="[[[[1]]]]" SQL="select * from test where value = ?"
time="2020-05-26T11:41:52+08:00" level=error msg="[policy_code=ErrPolicyCodeAllTableScan,policy_msg=Possbile all table scaned on table {test true} extra {Using where true} pkey { false} key { false} with rows {2005 true}]" PARAM="[[[[1]]]]" SQL="select * from test where value = ?"
time="2020-05-26T11:46:38+08:00" level=info msg="[policy_code=ErrPolicyCodeSafe,policy_msg=safe sql, rows_affected:0 cost:0.0159ms]" PARAM="[[[[1]]]]" SQL="select * from test where value = ? limit 10"
time="2020-05-26T11:46:45+08:00" level=info msg="[policy_code=ErrPolicyCodeSafe,policy_msg=safe sql, rows_affected:0 cost:0.0184ms]" PARAM="[[[[1]]]]" SQL="select * from test where value = ?"
