time="2020-04-27T06:11:31+08:00" level=warning msg="[policy_code=ErrPolicyCodeRowsAbs,policy_msg=Too many rows affected absolutely: rowcnt 99554 > pcri.maxRowsAcceptable 10000]" PARAM="[[[[1019 1019]]]]" SQL="UPDATE idfa_blacklist SET clientid = ? WHERE clientid = ?"
time="2020-04-27T06:11:31+08:00" level=warning msg="[policy_code=ErrPolicyCodeRowsInvolve,policy_msg=Too many rows will involve by target sql: rowcnt 99554 > maxrows 99554 * pcri.rate 0.3]" PARAM="[[[[1019 1019]]]]" SQL="UPDATE idfa_blacklist SET clientid = ? WHERE clientid = ?"
time="2020-04-27T06:11:31+08:00" level=warning msg="[policy_code=ErrPolicyCodeDataTruncate,policy_msg=Possible data fields overflow on table idfa_blacklist with err checkValueLengthBy: len(argsSlice) 2 != argCnt 1 ]" PARAM="[[[[1019 1019]]]]" SQL="UPDATE idfa_blacklist SET clientid = ? WHERE clientid = ?"
time="2020-04-28T03:14:55+08:00" level=warning msg="[policy_code=ErrPolicyCodeRowsAbs,policy_msg=Too many rows affected absolutely: rowcnt 99554 > pcri.maxRowsAcceptable 10000]" PARAM="[[[[1019 1019]]]]" SQL="UPDATE idfa_blacklist SET clientid = ? WHERE clientid = ?"
time="2020-04-28T03:14:55+08:00" level=warning msg="[policy_code=ErrPolicyCodeRowsInvolve,policy_msg=Too many rows will involve by target sql: rowcnt 99554 > maxrows 99554 * pcri.rate 0.3]" PARAM="[[[[1019 1019]]]]" SQL="UPDATE idfa_blacklist SET clientid = ? WHERE clientid = ?"
time="2020-04-28T03:14:55+08:00" level=warning msg="[policy_code=ErrPolicyCodeDataTruncate,policy_msg=Possible data fields overflow on table idfa_blacklist with err checkValueLengthBy: len(argsSlice) 2 != argCnt 1 ]" PARAM="[[[[1019 1019]]]]" SQL="UPDATE idfa_blacklist SET clientid = ? WHERE clientid = ?"
time="2020-04-28T03:16:45+08:00" level=warning msg="[policy_code=ErrPolicyCodeRowsAbs,policy_msg=Too many rows affected absolutely: rowcnt 99554 > pcri.maxRowsAcceptable 10000]" PARAM="[[[[1019 1019]]]]" SQL="UPDATE idfa_blacklist SET clientid = ? WHERE clientid = ?"
time="2020-04-28T03:16:45+08:00" level=warning msg="[policy_code=ErrPolicyCodeRowsInvolve,policy_msg=Too many rows will involve by target sql: rowcnt 99554 > maxrows 99554 * pcri.rate 0.3]" PARAM="[[[[1019 1019]]]]" SQL="UPDATE idfa_blacklist SET clientid = ? WHERE clientid = ?"
time="2020-04-28T03:16:45+08:00" level=warning msg="[policy_code=ErrPolicyCodeDataTruncate,policy_msg=Possible data fields overflow on table idfa_blacklist with err checkValueLengthBy: len(argsSlice) 2 != argCnt 1 ]" PARAM="[[[[1019 1019]]]]" SQL="UPDATE idfa_blacklist SET clientid = ? WHERE clientid = ?"
time="2020-04-28T03:17:54+08:00" level=warning msg="[policy_code=ErrPolicyCodeRowsAbs,policy_msg=Too many rows affected absolutely: rowcnt 99554 > pcri.maxRowsAcceptable 10000]" PARAM="[[[[1019 1019]]]]" SQL="UPDATE idfa_blacklist SET clientid = ? WHERE clientid = ?"
time="2020-04-28T03:17:54+08:00" level=warning msg="[policy_code=ErrPolicyCodeRowsInvolve,policy_msg=Too many rows will involve by target sql: rowcnt 99554 > maxrows 99554 * pcri.rate 0.3]" PARAM="[[[[1019 1019]]]]" SQL="UPDATE idfa_blacklist SET clientid = ? WHERE clientid = ?"
time="2020-04-28T03:17:54+08:00" level=warning msg="[policy_code=ErrPolicyCodeDataTruncate,policy_msg=Possible data fields overflow on table idfa_blacklist with err checkValueLengthBy: len(argsSlice) 2 != argCnt 1 ]" PARAM="[[[[1019 1019]]]]" SQL="UPDATE idfa_blacklist SET clientid = ? WHERE clientid = ?"
time="2020-04-28T03:17:58+08:00" level=warning msg="[policy_code=ErrPolicyCodeRowsAbs,policy_msg=Too many rows affected absolutely: rowcnt 99554 > pcri.maxRowsAcceptable 10000]" PARAM="[[[[1019 1019]]]]" SQL="UPDATE idfa_blacklist SET clientid = ? WHERE clientid = ?"
time="2020-04-28T03:17:58+08:00" level=warning msg="[policy_code=ErrPolicyCodeRowsInvolve,policy_msg=Too many rows will involve by target sql: rowcnt 99554 > maxrows 99554 * pcri.rate 0.3]" PARAM="[[[[1019 1019]]]]" SQL="UPDATE idfa_blacklist SET clientid = ? WHERE clientid = ?"
time="2020-04-28T03:17:58+08:00" level=warning msg="[policy_code=ErrPolicyCodeDataTruncate,policy_msg=Possible data fields overflow on table idfa_blacklist with err checkValueLengthBy: len(argsSlice) 2 != argCnt 1 ]" PARAM="[[[[1019 1019]]]]" SQL="UPDATE idfa_blacklist SET clientid = ? WHERE clientid = ?"
time="2020-04-28T03:18:46+08:00" level=warning msg="[policy_code=ErrPolicyCodeRowsAbs,policy_msg=Too many rows affected absolutely: rowcnt 99554 > pcri.maxRowsAcceptable 10000]" PARAM="[[[[1019 1019]]]]" SQL="UPDATE idfa_blacklist SET clientid = ? WHERE clientid = ?"
time="2020-04-28T03:18:46+08:00" level=warning msg="[policy_code=ErrPolicyCodeRowsInvolve,policy_msg=Too many rows will involve by target sql: rowcnt 99554 > maxrows 99554 * pcri.rate 0.3]" PARAM="[[[[1019 1019]]]]" SQL="UPDATE idfa_blacklist SET clientid = ? WHERE clientid = ?"
time="2020-04-28T03:18:46+08:00" level=warning msg="[policy_code=ErrPolicyCodeDataTruncate,policy_msg=Possible data fields overflow on table idfa_blacklist with err checkValueLengthBy: len(argsSlice) 2 != argCnt 1 ]" PARAM="[[[[1019 1019]]]]" SQL="UPDATE idfa_blacklist SET clientid = ? WHERE clientid = ?"
time="2020-04-28T03:18:53+08:00" level=warning msg="[policy_code=ErrPolicyCodeRowsAbs,policy_msg=Too many rows affected absolutely: rowcnt 99554 > pcri.maxRowsAcceptable 10000]" PARAM="[[[[1019 1019]]]]" SQL="UPDATE idfa_blacklist SET clientid = ? WHERE clientid = ?"
time="2020-04-28T03:18:53+08:00" level=warning msg="[policy_code=ErrPolicyCodeRowsInvolve,policy_msg=Too many rows will involve by target sql: rowcnt 99554 > maxrows 99554 * pcri.rate 0.3]" PARAM="[[[[1019 1019]]]]" SQL="UPDATE idfa_blacklist SET clientid = ? WHERE clientid = ?"
time="2020-04-28T03:18:53+08:00" level=warning msg="[policy_code=ErrPolicyCodeDataTruncate,policy_msg=Possible data fields overflow on table idfa_blacklist with err checkValueLengthBy: len(argsSlice) 2 != argCnt 1 ]" PARAM="[[[[1019 1019]]]]" SQL="UPDATE idfa_blacklist SET clientid = ? WHERE clientid = ?"
time="2020-04-28T03:19:06+08:00" level=warning msg="[policy_code=ErrPolicyCodeRowsAbs,policy_msg=Too many rows affected absolutely: rowcnt 99554 > pcri.maxRowsAcceptable 10000]" PARAM="[[[[1019 1019]]]]" SQL="UPDATE idfa_blacklist SET clientid = ? WHERE clientid = ?"
time="2020-04-28T03:19:06+08:00" level=warning msg="[policy_code=ErrPolicyCodeRowsInvolve,policy_msg=Too many rows will involve by target sql: rowcnt 99554 > maxrows 99554 * pcri.rate 0.3]" PARAM="[[[[1019 1019]]]]" SQL="UPDATE idfa_blacklist SET clientid = ? WHERE clientid = ?"
time="2020-04-28T03:19:06+08:00" level=warning msg="[policy_code=ErrPolicyCodeDataTruncate,policy_msg=Possible data fields overflow on table idfa_blacklist with err checkValueLengthBy: len(argsSlice) 2 != argCnt 1 ]" PARAM="[[[[1019 1019]]]]" SQL="UPDATE idfa_blacklist SET clientid = ? WHERE clientid = ?"
time="2020-04-28T03:19:09+08:00" level=warning msg="[policy_code=ErrPolicyCodeRowsAbs,policy_msg=Too many rows affected absolutely: rowcnt 99554 > pcri.maxRowsAcceptable 10000]" PARAM="[[[[1019 1019]]]]" SQL="UPDATE idfa_blacklist SET clientid = ? WHERE clientid = ?"
time="2020-04-28T03:19:09+08:00" level=warning msg="[policy_code=ErrPolicyCodeRowsInvolve,policy_msg=Too many rows will involve by target sql: rowcnt 99554 > maxrows 99554 * pcri.rate 0.3]" PARAM="[[[[1019 1019]]]]" SQL="UPDATE idfa_blacklist SET clientid = ? WHERE clientid = ?"
time="2020-04-28T03:19:09+08:00" level=warning msg="[policy_code=ErrPolicyCodeDataTruncate,policy_msg=Possible data fields overflow on table idfa_blacklist with err checkValueLengthBy: len(argsSlice) 2 != argCnt 1 ]" PARAM="[[[[1019 1019]]]]" SQL="UPDATE idfa_blacklist SET clientid = ? WHERE clientid = ?"
time="2020-04-28T03:21:09+08:00" level=warning msg="[policy_code=ErrPolicyCodeRowsAbs,policy_msg=Too many rows affected absolutely: rowcnt 99554 > pcri.maxRowsAcceptable 10000]" PARAM="[[[[1019 1019]]]]" SQL="UPDATE idfa_blacklist SET clientid = ? WHERE clientid = ?"
time="2020-04-28T03:21:09+08:00" level=warning msg="[policy_code=ErrPolicyCodeRowsInvolve,policy_msg=Too many rows will involve by target sql: rowcnt 99554 > maxrows 99554 * pcri.rate 0.3]" PARAM="[[[[1019 1019]]]]" SQL="UPDATE idfa_blacklist SET clientid = ? WHERE clientid = ?"
time="2020-04-28T03:21:09+08:00" level=warning msg="[policy_code=ErrPolicyCodeDataTruncate,policy_msg=Possible data fields overflow on table idfa_blacklist with err checkValueLengthBy: len(argsSlice) 2 != argCnt 1 ]" PARAM="[[[[1019 1019]]]]" SQL="UPDATE idfa_blacklist SET clientid = ? WHERE clientid = ?"
time="2020-04-28T03:21:43+08:00" level=warning msg="[policy_code=ErrPolicyCodeRowsAbs,policy_msg=Too many rows affected absolutely: rowcnt 99554 > pcri.maxRowsAcceptable 10000]" PARAM="[[[[1019 1019]]]]" SQL="UPDATE idfa_blacklist SET clientid = ? WHERE clientid = ?"
time="2020-04-28T03:21:43+08:00" level=warning msg="[policy_code=ErrPolicyCodeRowsInvolve,policy_msg=Too many rows will involve by target sql: rowcnt 99554 > maxrows 99554 * pcri.rate 0.3]" PARAM="[[[[1019 1019]]]]" SQL="UPDATE idfa_blacklist SET clientid = ? WHERE clientid = ?"
time="2020-04-28T03:21:43+08:00" level=warning msg="[policy_code=ErrPolicyCodeDataTruncate,policy_msg=Possible data fields overflow on table idfa_blacklist with err checkValueLengthBy: len(argsSlice) 2 != argCnt 1 ]" PARAM="[[[[1019 1019]]]]" SQL="UPDATE idfa_blacklist SET clientid = ? WHERE clientid = ?"
time="2020-04-28T03:22:54+08:00" level=warning msg="[policy_code=ErrPolicyCodeRowsAbs,policy_msg=Too many rows affected absolutely: rowcnt 99554 > pcri.maxRowsAcceptable 10000]" PARAM="[[[[1019 1019]]]]" SQL="UPDATE idfa_blacklist SET clientid = ? WHERE clientid = ?"
time="2020-04-28T03:22:54+08:00" level=warning msg="[policy_code=ErrPolicyCodeRowsInvolve,policy_msg=Too many rows will involve by target sql: rowcnt 99554 > maxrows 99554 * pcri.rate 0.3]" PARAM="[[[[1019 1019]]]]" SQL="UPDATE idfa_blacklist SET clientid = ? WHERE clientid = ?"
time="2020-04-28T03:22:54+08:00" level=warning msg="[policy_code=ErrPolicyCodeDataTruncate,policy_msg=Possible data fields overflow on table idfa_blacklist with err checkValueLengthBy: len(argsSlice) 2 != argCnt 1 ]" PARAM="[[[[1019 1019]]]]" SQL="UPDATE idfa_blacklist SET clientid = ? WHERE clientid = ?"
time="2020-04-28T21:20:20+08:00" level=warning msg="[policy_code=ErrPolicyCodeRowsAbs,policy_msg=Too many rows affected absolutely: rowcnt 13302 > pcri.maxRowsAcceptable 10000]" PARAM="[[[[]]]]" SQL="insert ignore into idfa_blacklist select * from idfa_blacklist where idfa like '7%%'"
time="2020-04-28T21:20:20+08:00" level=warning msg="[policy_code=ErrPolicyCodeRowsAbs,policy_msg=Too many rows affected absolutely: rowcnt 12500 > pcri.maxRowsAcceptable 10000]" PARAM="[[[[]]]]" SQL="insert ignore into idfa_blacklist select * from idfa_blacklist where idfa like '6%%'"
time="2020-04-28T21:20:20+08:00" level=warning msg="[policy_code=ErrPolicyCodeRowsAbs,policy_msg=Too many rows affected absolutely: rowcnt 99554 > pcri.maxRowsAcceptable 10000]" PARAM="[[[[1019 1019]]]]" SQL="UPDATE idfa_blacklist SET clientid = ? WHERE clientid = ?"
time="2020-04-28T21:20:20+08:00" level=warning msg="[policy_code=ErrPolicyCodeRowsInvolve,policy_msg=Too many rows will involve by target sql: rowcnt 99554 > maxrows 99554 * pcri.rate 0.3]" PARAM="[[[[1019 1019]]]]" SQL="UPDATE idfa_blacklist SET clientid = ? WHERE clientid = ?"
time="2020-04-28T21:20:20+08:00" level=warning msg="[policy_code=ErrPolicyCodeDataTruncate,policy_msg=Possible data fields overflow on table idfa_blacklist with err checkValueLengthBy: len(argsSlice) 2 != argCnt 1 ]" PARAM="[[[[1019 1019]]]]" SQL="UPDATE idfa_blacklist SET clientid = ? WHERE clientid = ?"
time="2020-04-28T21:20:36+08:00" level=warning msg="[policy_code=ErrPolicyCodeRowsAbs,policy_msg=Too many rows affected absolutely: rowcnt 99554 > pcri.maxRowsAcceptable 10000]" PARAM="[[[[1019 1019]]]]" SQL="UPDATE idfa_blacklist SET clientid = ? WHERE clientid = ?"
time="2020-04-28T21:20:36+08:00" level=warning msg="[policy_code=ErrPolicyCodeRowsInvolve,policy_msg=Too many rows will involve by target sql: rowcnt 99554 > maxrows 99554 * pcri.rate 0.3]" PARAM="[[[[1019 1019]]]]" SQL="UPDATE idfa_blacklist SET clientid = ? WHERE clientid = ?"
time="2020-04-28T21:20:36+08:00" level=warning msg="[policy_code=ErrPolicyCodeDataTruncate,policy_msg=Possible data fields overflow on table idfa_blacklist with err checkValueLengthBy: len(argsSlice) 2 != argCnt 1 ]" PARAM="[[[[1019 1019]]]]" SQL="UPDATE idfa_blacklist SET clientid = ? WHERE clientid = ?"
time="2020-04-28T21:20:47+08:00" level=warning msg="[policy_code=ErrPolicyCodeRowsAbs,policy_msg=Too many rows affected absolutely: rowcnt 13302 > pcri.maxRowsAcceptable 10000]" PARAM="[[[[]]]]" SQL="insert ignore into idfa_blacklist select * from idfa_blacklist where idfa like '7%%'"
time="2020-04-28T21:20:47+08:00" level=warning msg="[policy_code=ErrPolicyCodeRowsAbs,policy_msg=Too many rows affected absolutely: rowcnt 12500 > pcri.maxRowsAcceptable 10000]" PARAM="[[[[]]]]" SQL="insert ignore into idfa_blacklist select * from idfa_blacklist where idfa like '6%%'"
time="2020-04-28T21:20:47+08:00" level=warning msg="[policy_code=ErrPolicyCodeRowsAbs,policy_msg=Too many rows affected absolutely: rowcnt 99554 > pcri.maxRowsAcceptable 10000]" PARAM="[[[[1019 1019]]]]" SQL="UPDATE idfa_blacklist SET clientid = ? WHERE clientid = ?"
time="2020-04-28T21:20:47+08:00" level=warning msg="[policy_code=ErrPolicyCodeRowsInvolve,policy_msg=Too many rows will involve by target sql: rowcnt 99554 > maxrows 99554 * pcri.rate 0.3]" PARAM="[[[[1019 1019]]]]" SQL="UPDATE idfa_blacklist SET clientid = ? WHERE clientid = ?"
time="2020-04-28T21:20:47+08:00" level=warning msg="[policy_code=ErrPolicyCodeDataTruncate,policy_msg=Possible data fields overflow on table idfa_blacklist with err checkValueLengthBy: len(argsSlice) 2 != argCnt 1 ]" PARAM="[[[[1019 1019]]]]" SQL="UPDATE idfa_blacklist SET clientid = ? WHERE clientid = ?"
time="2020-04-28T21:21:30+08:00" level=warning msg="[policy_code=ErrPolicyCodeRowsAbs,policy_msg=Too many rows affected absolutely: rowcnt 99554 > pcri.maxRowsAcceptable 10000]" PARAM="[[[[1019 1019]]]]" SQL="UPDATE idfa_blacklist SET clientid = ? WHERE clientid = ?"
time="2020-04-28T21:21:30+08:00" level=warning msg="[policy_code=ErrPolicyCodeRowsInvolve,policy_msg=Too many rows will involve by target sql: rowcnt 99554 > maxrows 99554 * pcri.rate 0.3]" PARAM="[[[[1019 1019]]]]" SQL="UPDATE idfa_blacklist SET clientid = ? WHERE clientid = ?"
time="2020-04-28T21:21:30+08:00" level=warning msg="[policy_code=ErrPolicyCodeDataTruncate,policy_msg=Possible data fields overflow on table idfa_blacklist with err checkValueLengthBy: len(argsSlice) 2 != argCnt 1 ]" PARAM="[[[[1019 1019]]]]" SQL="UPDATE idfa_blacklist SET clientid = ? WHERE clientid = ?"
time="2020-04-28T21:21:50+08:00" level=warning msg="[policy_code=ErrPolicyCodeRowsAbs,policy_msg=Too many rows affected absolutely: rowcnt 13302 > pcri.maxRowsAcceptable 10000]" PARAM="[[[[]]]]" SQL="insert ignore into idfa_blacklist select * from idfa_blacklist where idfa like '7%%'"
time="2020-04-28T21:21:50+08:00" level=warning msg="[policy_code=ErrPolicyCodeRowsAbs,policy_msg=Too many rows affected absolutely: rowcnt 12500 > pcri.maxRowsAcceptable 10000]" PARAM="[[[[]]]]" SQL="insert ignore into idfa_blacklist select * from idfa_blacklist where idfa like '6%%'"
time="2020-04-28T21:21:51+08:00" level=warning msg="[policy_code=ErrPolicyCodeRowsAbs,policy_msg=Too many rows affected absolutely: rowcnt 99554 > pcri.maxRowsAcceptable 10000]" PARAM="[[[[1019 1019]]]]" SQL="UPDATE idfa_blacklist SET clientid = ? WHERE clientid = ?"
time="2020-04-28T21:21:51+08:00" level=warning msg="[policy_code=ErrPolicyCodeRowsInvolve,policy_msg=Too many rows will involve by target sql: rowcnt 99554 > maxrows 99554 * pcri.rate 0.3]" PARAM="[[[[1019 1019]]]]" SQL="UPDATE idfa_blacklist SET clientid = ? WHERE clientid = ?"
time="2020-04-28T21:21:51+08:00" level=warning msg="[policy_code=ErrPolicyCodeDataTruncate,policy_msg=Possible data fields overflow on table idfa_blacklist with err checkValueLengthBy: len(argsSlice) 2 != argCnt 1 ]" PARAM="[[[[1019 1019]]]]" SQL="UPDATE idfa_blacklist SET clientid = ? WHERE clientid = ?"
time="2020-04-28T21:22:52+08:00" level=warning msg="[policy_code=ErrPolicyCodeRowsAbs,policy_msg=Too many rows affected absolutely: rowcnt 13302 > pcri.maxRowsAcceptable 10000]" PARAM="[[[[]]]]" SQL="insert ignore into idfa_blacklist select * from idfa_blacklist where idfa like '7%%'"
time="2020-04-28T21:22:53+08:00" level=warning msg="[policy_code=ErrPolicyCodeRowsAbs,policy_msg=Too many rows affected absolutely: rowcnt 99554 > pcri.maxRowsAcceptable 10000]" PARAM="[[[[1019 1019]]]]" SQL="UPDATE idfa_blacklist SET clientid = ? WHERE clientid = ?"
time="2020-04-28T21:22:53+08:00" level=warning msg="[policy_code=ErrPolicyCodeRowsInvolve,policy_msg=Too many rows will involve by target sql: rowcnt 99554 > maxrows 99554 * pcri.rate 0.3]" PARAM="[[[[1019 1019]]]]" SQL="UPDATE idfa_blacklist SET clientid = ? WHERE clientid = ?"
time="2020-04-28T21:22:53+08:00" level=warning msg="[policy_code=ErrPolicyCodeDataTruncate,policy_msg=Possible data fields overflow on table idfa_blacklist with err checkValueLengthBy: len(argsSlice) 2 != argCnt 1 ]" PARAM="[[[[1019 1019]]]]" SQL="UPDATE idfa_blacklist SET clientid = ? WHERE clientid = ?"
time="2020-04-28T21:23:07+08:00" level=warning msg="[policy_code=ErrPolicyCodeRowsAbs,policy_msg=Too many rows affected absolutely: rowcnt 13302 > pcri.maxRowsAcceptable 10000]" PARAM="[[[[]]]]" SQL="insert ignore into idfa_blacklist select * from idfa_blacklist where idfa like '7%%'"
time="2020-04-28T21:23:07+08:00" level=warning msg="[policy_code=ErrPolicyCodeRowsAbs,policy_msg=Too many rows affected absolutely: rowcnt 12500 > pcri.maxRowsAcceptable 10000]" PARAM="[[[[]]]]" SQL="insert ignore into idfa_blacklist select * from idfa_blacklist where idfa like '6%%'"
time="2020-04-28T21:23:07+08:00" level=warning msg="[policy_code=ErrPolicyCodeRowsAbs,policy_msg=Too many rows affected absolutely: rowcnt 99554 > pcri.maxRowsAcceptable 10000]" PARAM="[[[[1019 1019]]]]" SQL="UPDATE idfa_blacklist SET clientid = ? WHERE clientid = ?"
time="2020-04-28T21:23:07+08:00" level=warning msg="[policy_code=ErrPolicyCodeRowsInvolve,policy_msg=Too many rows will involve by target sql: rowcnt 99554 > maxrows 99554 * pcri.rate 0.3]" PARAM="[[[[1019 1019]]]]" SQL="UPDATE idfa_blacklist SET clientid = ? WHERE clientid = ?"
time="2020-04-28T21:23:07+08:00" level=warning msg="[policy_code=ErrPolicyCodeDataTruncate,policy_msg=Possible data fields overflow on table idfa_blacklist with err checkValueLengthBy: len(argsSlice) 2 != argCnt 1 ]" PARAM="[[[[1019 1019]]]]" SQL="UPDATE idfa_blacklist SET clientid = ? WHERE clientid = ?"
time="2020-04-28T21:23:36+08:00" level=warning msg="[policy_code=ErrPolicyCodeRowsAbs,policy_msg=Too many rows affected absolutely: rowcnt 13302 > pcri.maxRowsAcceptable 10000]" PARAM="[[[[]]]]" SQL="insert ignore into idfa_blacklist select * from idfa_blacklist where idfa like '7%%'"
time="2020-04-28T21:23:37+08:00" level=warning msg="[policy_code=ErrPolicyCodeRowsAbs,policy_msg=Too many rows affected absolutely: rowcnt 99554 > pcri.maxRowsAcceptable 10000]" PARAM="[[[[1019 1019]]]]" SQL="UPDATE idfa_blacklist SET clientid = ? WHERE clientid = ?"
time="2020-04-28T21:23:37+08:00" level=warning msg="[policy_code=ErrPolicyCodeRowsInvolve,policy_msg=Too many rows will involve by target sql: rowcnt 99554 > maxrows 99554 * pcri.rate 0.3]" PARAM="[[[[1019 1019]]]]" SQL="UPDATE idfa_blacklist SET clientid = ? WHERE clientid = ?"
time="2020-04-28T21:23:37+08:00" level=warning msg="[policy_code=ErrPolicyCodeDataTruncate,policy_msg=Possible data fields overflow on table idfa_blacklist with err checkValueLengthBy: len(argsSlice) 2 != argCnt 1 ]" PARAM="[[[[1019 1019]]]]" SQL="UPDATE idfa_blacklist SET clientid = ? WHERE clientid = ?"
time="2020-04-29T14:52:21+08:00" level=warning msg="[policy_code=ErrPolicyCodeRowsAbs,policy_msg=Too many rows affected absolutely: rowcnt 13302 > pcri.maxRowsAcceptable 10000]" PARAM="[[[[]]]]" SQL="insert ignore into idfa_blacklist select * from idfa_blacklist where idfa like '7%%'"
time="2020-04-29T14:52:21+08:00" level=warning msg="[policy_code=ErrPolicyCodeRowsAbs,policy_msg=Too many rows affected absolutely: rowcnt 99554 > pcri.maxRowsAcceptable 10000]" PARAM="[[[[1019 1019]]]]" SQL="UPDATE idfa_blacklist SET clientid = ? WHERE clientid = ?"
time="2020-04-29T14:52:21+08:00" level=warning msg="[policy_code=ErrPolicyCodeRowsInvolve,policy_msg=Too many rows will involve by target sql: rowcnt 99554 > maxrows 99554 * pcri.rate 0.3]" PARAM="[[[[1019 1019]]]]" SQL="UPDATE idfa_blacklist SET clientid = ? WHERE clientid = ?"
time="2020-04-29T14:52:21+08:00" level=warning msg="[policy_code=ErrPolicyCodeDataTruncate,policy_msg=Possible data fields overflow on table idfa_blacklist with err checkValueLengthBy: len(argsSlice) 2 != argCnt 1 ]" PARAM="[[[[1019 1019]]]]" SQL="UPDATE idfa_blacklist SET clientid = ? WHERE clientid = ?"
time="2020-04-29T14:52:50+08:00" level=warning msg="[policy_code=ErrPolicyCodeRowsAbs,policy_msg=Too many rows affected absolutely: rowcnt 13302 > pcri.maxRowsAcceptable 10000]" PARAM="[[[[]]]]" SQL="insert ignore into idfa_blacklist select * from idfa_blacklist where idfa like '7%%'"
time="2020-04-29T14:52:50+08:00" level=warning msg="[policy_code=ErrPolicyCodeRowsAbs,policy_msg=Too many rows affected absolutely: rowcnt 12500 > pcri.maxRowsAcceptable 10000]" PARAM="[[[[]]]]" SQL="insert ignore into idfa_blacklist select * from idfa_blacklist where idfa like '6%%'"
time="2020-04-29T14:52:50+08:00" level=warning msg="[policy_code=ErrPolicyCodeRowsAbs,policy_msg=Too many rows affected absolutely: rowcnt 99554 > pcri.maxRowsAcceptable 10000]" PARAM="[[[[1019 1019]]]]" SQL="UPDATE idfa_blacklist SET clientid = ? WHERE clientid = ?"
time="2020-04-29T14:52:50+08:00" level=warning msg="[policy_code=ErrPolicyCodeRowsInvolve,policy_msg=Too many rows will involve by target sql: rowcnt 99554 > maxrows 99554 * pcri.rate 0.3]" PARAM="[[[[1019 1019]]]]" SQL="UPDATE idfa_blacklist SET clientid = ? WHERE clientid = ?"
time="2020-04-29T14:52:50+08:00" level=warning msg="[policy_code=ErrPolicyCodeDataTruncate,policy_msg=Possible data fields overflow on table idfa_blacklist with err checkValueLengthBy: len(argsSlice) 2 != argCnt 1 ]" PARAM="[[[[1019 1019]]]]" SQL="UPDATE idfa_blacklist SET clientid = ? WHERE clientid = ?"
time="2020-04-29T15:02:19+08:00" level=warning msg="[policy_code=ErrPolicyCodeRowsAbs,policy_msg=Too many rows affected absolutely: rowcnt 13302 > pcri.maxRowsAcceptable 10000]" PARAM="[[[[]]]]" SQL="insert ignore into idfa_blacklist select * from idfa_blacklist where idfa like '7%%'"
time="2020-04-29T15:02:19+08:00" level=warning msg="[policy_code=ErrPolicyCodeRowsAbs,policy_msg=Too many rows affected absolutely: rowcnt 99554 > pcri.maxRowsAcceptable 10000]" PARAM="[[[[1019 1019]]]]" SQL="UPDATE idfa_blacklist SET clientid = ? WHERE clientid = ?"
time="2020-04-29T15:02:19+08:00" level=warning msg="[policy_code=ErrPolicyCodeRowsInvolve,policy_msg=Too many rows will involve by target sql: rowcnt 99554 > maxrows 99554 * pcri.rate 0.3]" PARAM="[[[[1019 1019]]]]" SQL="UPDATE idfa_blacklist SET clientid = ? WHERE clientid = ?"
time="2020-04-29T15:02:19+08:00" level=warning msg="[policy_code=ErrPolicyCodeDataTruncate,policy_msg=Possible data fields overflow on table idfa_blacklist with err checkValueLengthBy: len(argsSlice) 2 != argCnt 1 ]" PARAM="[[[[1019 1019]]]]" SQL="UPDATE idfa_blacklist SET clientid = ? WHERE clientid = ?"
time="2020-04-29T15:02:45+08:00" level=warning msg="[policy_code=ErrPolicyCodeRowsAbs,policy_msg=Too many rows affected absolutely: rowcnt 13302 > pcri.maxRowsAcceptable 10000]" PARAM="[[[[]]]]" SQL="insert ignore into idfa_blacklist select * from idfa_blacklist where idfa like '7%%'"
time="2020-04-29T15:02:45+08:00" level=warning msg="[policy_code=ErrPolicyCodeRowsAbs,policy_msg=Too many rows affected absolutely: rowcnt 99554 > pcri.maxRowsAcceptable 10000]" PARAM="[[[[1019 1019]]]]" SQL="UPDATE idfa_blacklist SET clientid = ? WHERE clientid = ?"
time="2020-04-29T15:02:45+08:00" level=warning msg="[policy_code=ErrPolicyCodeRowsInvolve,policy_msg=Too many rows will involve by target sql: rowcnt 99554 > maxrows 99554 * pcri.rate 0.3]" PARAM="[[[[1019 1019]]]]" SQL="UPDATE idfa_blacklist SET clientid = ? WHERE clientid = ?"
time="2020-04-29T15:02:45+08:00" level=warning msg="[policy_code=ErrPolicyCodeDataTruncate,policy_msg=Possible data fields overflow on table idfa_blacklist with err checkValueLengthBy: len(argsSlice) 2 != argCnt 1 ]" PARAM="[[[[1019 1019]]]]" SQL="UPDATE idfa_blacklist SET clientid = ? WHERE clientid = ?"
time="2020-04-30T03:47:25+08:00" level=warning msg="[policy_code=ErrPolicyCodeRowsAbs,policy_msg=Too many rows affected absolutely: rowcnt 13302 > pcri.maxRowsAcceptable 10000]" PARAM="[[[[]]]]" SQL="insert ignore into idfa_blacklist select * from idfa_blacklist where idfa like '7%%'"
time="2020-04-30T03:47:25+08:00" level=warning msg="[policy_code=ErrPolicyCodeRowsAbs,policy_msg=Too many rows affected absolutely: rowcnt 99554 > pcri.maxRowsAcceptable 10000]" PARAM="[[[[1019 1019]]]]" SQL="UPDATE idfa_blacklist SET clientid = ? WHERE clientid = ?"
time="2020-04-30T03:47:25+08:00" level=warning msg="[policy_code=ErrPolicyCodeRowsInvolve,policy_msg=Too many rows will involve by target sql: rowcnt 99554 > maxrows 99554 * pcri.rate 0.3]" PARAM="[[[[1019 1019]]]]" SQL="UPDATE idfa_blacklist SET clientid = ? WHERE clientid = ?"
time="2020-04-30T15:43:19+08:00" level=warning msg="[policy_code=ErrPolicyCodeRowsAbs,policy_msg=Too many rows affected absolutely: rowcnt 13302 > pcri.maxRowsAcceptable 10000]" PARAM="[[[[]]]]" SQL="insert ignore into idfa_blacklist select * from idfa_blacklist where idfa like '7%%'"
time="2020-04-30T15:43:19+08:00" level=warning msg="[policy_code=ErrPolicyCodeRowsAbs,policy_msg=Too many rows affected absolutely: rowcnt 99554 > pcri.maxRowsAcceptable 10000]" PARAM="[[[[1019 1019]]]]" SQL="UPDATE idfa_blacklist SET clientid = ? WHERE clientid = ?"
time="2020-04-30T15:43:19+08:00" level=warning msg="[policy_code=ErrPolicyCodeRowsInvolve,policy_msg=Too many rows will involve by target sql: rowcnt 99554 > maxrows 99554 * pcri.rate 0.3]" PARAM="[[[[1019 1019]]]]" SQL="UPDATE idfa_blacklist SET clientid = ? WHERE clientid = ?"
time="2020-04-30T15:43:49+08:00" level=warning msg="[policy_code=ErrPolicyCodeRowsAbs,policy_msg=Too many rows affected absolutely: rowcnt 13302 > pcri.maxRowsAcceptable 10000]" PARAM="[[[[]]]]" SQL="insert ignore into idfa_blacklist select * from idfa_blacklist where idfa like '7%%'"
time="2020-04-30T15:43:50+08:00" level=warning msg="[policy_code=ErrPolicyCodeRowsAbs,policy_msg=Too many rows affected absolutely: rowcnt 12500 > pcri.maxRowsAcceptable 10000]" PARAM="[[[[]]]]" SQL="insert ignore into idfa_blacklist select * from idfa_blacklist where idfa like '6%%'"
time="2020-04-30T15:43:50+08:00" level=warning msg="[policy_code=ErrPolicyCodeRowsAbs,policy_msg=Too many rows affected absolutely: rowcnt 99554 > pcri.maxRowsAcceptable 10000]" PARAM="[[[[1019 1019]]]]" SQL="UPDATE idfa_blacklist SET clientid = ? WHERE clientid = ?"
time="2020-04-30T15:43:50+08:00" level=warning msg="[policy_code=ErrPolicyCodeRowsInvolve,policy_msg=Too many rows will involve by target sql: rowcnt 99554 > maxrows 99554 * pcri.rate 0.3]" PARAM="[[[[1019 1019]]]]" SQL="UPDATE idfa_blacklist SET clientid = ? WHERE clientid = ?"
time="2020-04-30T15:43:53+08:00" level=warning msg="[policy_code=ErrPolicyCodeRowsAbs,policy_msg=Too many rows affected absolutely: rowcnt 13302 > pcri.maxRowsAcceptable 10000]" PARAM="[[[[]]]]" SQL="insert ignore into idfa_blacklist select * from idfa_blacklist where idfa like '7%%'"
time="2020-04-30T15:43:53+08:00" level=warning msg="[policy_code=ErrPolicyCodeRowsAbs,policy_msg=Too many rows affected absolutely: rowcnt 12500 > pcri.maxRowsAcceptable 10000]" PARAM="[[[[]]]]" SQL="insert ignore into idfa_blacklist select * from idfa_blacklist where idfa like '6%%'"
time="2020-04-30T15:43:54+08:00" level=warning msg="[policy_code=ErrPolicyCodeRowsAbs,policy_msg=Too many rows affected absolutely: rowcnt 99554 > pcri.maxRowsAcceptable 10000]" PARAM="[[[[1019 1019]]]]" SQL="UPDATE idfa_blacklist SET clientid = ? WHERE clientid = ?"
time="2020-04-30T15:43:54+08:00" level=warning msg="[policy_code=ErrPolicyCodeRowsInvolve,policy_msg=Too many rows will involve by target sql: rowcnt 99554 > maxrows 99554 * pcri.rate 0.3]" PARAM="[[[[1019 1019]]]]" SQL="UPDATE idfa_blacklist SET clientid = ? WHERE clientid = ?"
time="2020-05-12T08:22:05+08:00" level=error msg="[policy_code=ErrPolicyCodeRowsAbs,policy_msg=Too many rows affected absolutely: rowcnt 13302 > pcri.maxRowsAcceptable 10000]" PARAM="[[[[]]]]" SQL="insert ignore into idfa_blacklist select * from idfa_blacklist where idfa like '7%%'"
time="2020-05-12T08:22:06+08:00" level=error msg="[policy_code=ErrPolicyCodeRowsAbs,policy_msg=Too many rows affected absolutely: rowcnt 99554 > pcri.maxRowsAcceptable 10000]" PARAM="[[[[1019 1019]]]]" SQL="UPDATE idfa_blacklist SET clientid = ? WHERE clientid = ?"
time="2020-05-12T08:22:06+08:00" level=error msg="[policy_code=ErrPolicyCodeRowsInvolve,policy_msg=Too many rows will involve by target sql: rowcnt 99554 > maxrows 99554 * pcri.rate 0.3]" PARAM="[[[[1019 1019]]]]" SQL="UPDATE idfa_blacklist SET clientid = ? WHERE clientid = ?"
time="2020-05-12T08:22:23+08:00" level=error msg="[policy_code=ErrPolicyCodeRowsAbs,policy_msg=Too many rows affected absolutely: rowcnt 13302 > pcri.maxRowsAcceptable 10000]" PARAM="[[[[]]]]" SQL="insert ignore into idfa_blacklist select * from idfa_blacklist where idfa like '7%%'"
time="2020-05-12T08:22:23+08:00" level=error msg="[policy_code=ErrPolicyCodeRowsAbs,policy_msg=Too many rows affected absolutely: rowcnt 99554 > pcri.maxRowsAcceptable 10000]" PARAM="[[[[1019 1019]]]]" SQL="UPDATE idfa_blacklist SET clientid = ? WHERE clientid = ?"
time="2020-05-12T08:22:23+08:00" level=error msg="[policy_code=ErrPolicyCodeRowsInvolve,policy_msg=Too many rows will involve by target sql: rowcnt 99554 > maxrows 99554 * pcri.rate 0.3]" PARAM="[[[[1019 1019]]]]" SQL="UPDATE idfa_blacklist SET clientid = ? WHERE clientid = ?"
time="2020-05-12T08:22:29+08:00" level=error msg="[policy_code=ErrPolicyCodeRowsAbs,policy_msg=Too many rows affected absolutely: rowcnt 13302 > pcri.maxRowsAcceptable 10000]" PARAM="[[[[]]]]" SQL="insert ignore into idfa_blacklist select * from idfa_blacklist where idfa like '7%%'"
time="2020-05-12T08:22:29+08:00" level=error msg="[policy_code=ErrPolicyCodeRowsAbs,policy_msg=Too many rows affected absolutely: rowcnt 12500 > pcri.maxRowsAcceptable 10000]" PARAM="[[[[]]]]" SQL="insert ignore into idfa_blacklist select * from idfa_blacklist where idfa like '6%%'"
time="2020-05-12T08:22:29+08:00" level=error msg="[policy_code=ErrPolicyCodeRowsAbs,policy_msg=Too many rows affected absolutely: rowcnt 99554 > pcri.maxRowsAcceptable 10000]" PARAM="[[[[1019 1019]]]]" SQL="UPDATE idfa_blacklist SET clientid = ? WHERE clientid = ?"
time="2020-05-12T08:22:29+08:00" level=error msg="[policy_code=ErrPolicyCodeRowsInvolve,policy_msg=Too many rows will involve by target sql: rowcnt 99554 > maxrows 99554 * pcri.rate 0.3]" PARAM="[[[[1019 1019]]]]" SQL="UPDATE idfa_blacklist SET clientid = ? WHERE clientid = ?"
time="2020-05-12T08:22:31+08:00" level=error msg="[policy_code=ErrPolicyCodeRowsAbs,policy_msg=Too many rows affected absolutely: rowcnt 13302 > pcri.maxRowsAcceptable 10000]" PARAM="[[[[]]]]" SQL="insert ignore into idfa_blacklist select * from idfa_blacklist where idfa like '7%%'"
time="2020-05-12T08:22:31+08:00" level=error msg="[policy_code=ErrPolicyCodeRowsAbs,policy_msg=Too many rows affected absolutely: rowcnt 12500 > pcri.maxRowsAcceptable 10000]" PARAM="[[[[]]]]" SQL="insert ignore into idfa_blacklist select * from idfa_blacklist where idfa like '6%%'"
time="2020-05-12T08:22:31+08:00" level=error msg="[policy_code=ErrPolicyCodeRowsAbs,policy_msg=Too many rows affected absolutely: rowcnt 99554 > pcri.maxRowsAcceptable 10000]" PARAM="[[[[1019 1019]]]]" SQL="UPDATE idfa_blacklist SET clientid = ? WHERE clientid = ?"
time="2020-05-12T08:22:31+08:00" level=error msg="[policy_code=ErrPolicyCodeRowsInvolve,policy_msg=Too many rows will involve by target sql: rowcnt 99554 > maxrows 99554 * pcri.rate 0.3]" PARAM="[[[[1019 1019]]]]" SQL="UPDATE idfa_blacklist SET clientid = ? WHERE clientid = ?"
time="2020-05-12T08:22:33+08:00" level=error msg="[policy_code=ErrPolicyCodeRowsAbs,policy_msg=Too many rows affected absolutely: rowcnt 13302 > pcri.maxRowsAcceptable 10000]" PARAM="[[[[]]]]" SQL="insert ignore into idfa_blacklist select * from idfa_blacklist where idfa like '7%%'"
time="2020-05-12T08:22:33+08:00" level=error msg="[policy_code=ErrPolicyCodeRowsAbs,policy_msg=Too many rows affected absolutely: rowcnt 12500 > pcri.maxRowsAcceptable 10000]" PARAM="[[[[]]]]" SQL="insert ignore into idfa_blacklist select * from idfa_blacklist where idfa like '6%%'"
time="2020-05-12T08:22:33+08:00" level=error msg="[policy_code=ErrPolicyCodeRowsAbs,policy_msg=Too many rows affected absolutely: rowcnt 99554 > pcri.maxRowsAcceptable 10000]" PARAM="[[[[1019 1019]]]]" SQL="UPDATE idfa_blacklist SET clientid = ? WHERE clientid = ?"
time="2020-05-12T08:22:33+08:00" level=error msg="[policy_code=ErrPolicyCodeRowsInvolve,policy_msg=Too many rows will involve by target sql: rowcnt 99554 > maxrows 99554 * pcri.rate 0.3]" PARAM="[[[[1019 1019]]]]" SQL="UPDATE idfa_blacklist SET clientid = ? WHERE clientid = ?"
time="2020-05-12T08:22:36+08:00" level=error msg="[policy_code=ErrPolicyCodeRowsAbs,policy_msg=Too many rows affected absolutely: rowcnt 13302 > pcri.maxRowsAcceptable 10000]" PARAM="[[[[]]]]" SQL="insert ignore into idfa_blacklist select * from idfa_blacklist where idfa like '7%%'"
time="2020-05-12T08:22:36+08:00" level=error msg="[policy_code=ErrPolicyCodeRowsAbs,policy_msg=Too many rows affected absolutely: rowcnt 12500 > pcri.maxRowsAcceptable 10000]" PARAM="[[[[]]]]" SQL="insert ignore into idfa_blacklist select * from idfa_blacklist where idfa like '6%%'"
time="2020-05-12T08:22:36+08:00" level=error msg="[policy_code=ErrPolicyCodeRowsAbs,policy_msg=Too many rows affected absolutely: rowcnt 99554 > pcri.maxRowsAcceptable 10000]" PARAM="[[[[1019 1019]]]]" SQL="UPDATE idfa_blacklist SET clientid = ? WHERE clientid = ?"
time="2020-05-12T08:22:36+08:00" level=error msg="[policy_code=ErrPolicyCodeRowsInvolve,policy_msg=Too many rows will involve by target sql: rowcnt 99554 > maxrows 99554 * pcri.rate 0.3]" PARAM="[[[[1019 1019]]]]" SQL="UPDATE idfa_blacklist SET clientid = ? WHERE clientid = ?"
time="2020-05-12T08:22:37+08:00" level=error msg="[policy_code=ErrPolicyCodeRowsAbs,policy_msg=Too many rows affected absolutely: rowcnt 13302 > pcri.maxRowsAcceptable 10000]" PARAM="[[[[]]]]" SQL="insert ignore into idfa_blacklist select * from idfa_blacklist where idfa like '7%%'"
time="2020-05-12T08:22:37+08:00" level=error msg="[policy_code=ErrPolicyCodeRowsAbs,policy_msg=Too many rows affected absolutely: rowcnt 12500 > pcri.maxRowsAcceptable 10000]" PARAM="[[[[]]]]" SQL="insert ignore into idfa_blacklist select * from idfa_blacklist where idfa like '6%%'"
time="2020-05-12T08:22:37+08:00" level=error msg="[policy_code=ErrPolicyCodeRowsAbs,policy_msg=Too many rows affected absolutely: rowcnt 99554 > pcri.maxRowsAcceptable 10000]" PARAM="[[[[1019 1019]]]]" SQL="UPDATE idfa_blacklist SET clientid = ? WHERE clientid = ?"
time="2020-05-12T08:22:37+08:00" level=error msg="[policy_code=ErrPolicyCodeRowsInvolve,policy_msg=Too many rows will involve by target sql: rowcnt 99554 > maxrows 99554 * pcri.rate 0.3]" PARAM="[[[[1019 1019]]]]" SQL="UPDATE idfa_blacklist SET clientid = ? WHERE clientid = ?"
